Copyright 1986-2021 Xilinx, Inc. All Rights Reserved.
---------------------------------------------------------------------------------------------
| Tool Version : Vivado v.2021.1 (win64) Build 3247384 Thu Jun 10 19:36:33 MDT 2021
| Date         : Fri Mar 31 13:59:44 2023
| Host         : Shuvagata-MSI running 64-bit major release  (build 9200)
| Command      : report_control_sets -verbose -file design_1_wrapper_control_sets_placed.rpt
| Design       : design_1_wrapper
| Device       : xc7a35t
---------------------------------------------------------------------------------------------

Control Set Information

Table of Contents
-----------------
1. Summary
2. Histogram
3. Flip-Flop Distribution
4. Detailed Control Set Information

1. Summary
----------

+----------------------------------------------------------+-------+
|                          Status                          | Count |
+----------------------------------------------------------+-------+
| Total control sets                                       |    96 |
|    Minimum number of control sets                        |    96 |
|    Addition due to synthesis replication                 |     0 |
|    Addition due to physical synthesis replication        |     0 |
| Unused register locations in slices containing registers |   217 |
+----------------------------------------------------------+-------+
* Control sets can be merged at opt_design using control_set_merge or merge_equivalent_drivers
** Run report_qor_suggestions for automated merging and remapping suggestions


2. Histogram
------------

+--------------------+-------+
|       Fanout       | Count |
+--------------------+-------+
| Total control sets |    96 |
| >= 0 to < 4        |    10 |
| >= 4 to < 6        |    14 |
| >= 6 to < 8        |     7 |
| >= 8 to < 10       |    31 |
| >= 10 to < 12      |     4 |
| >= 12 to < 14      |     1 |
| >= 14 to < 16      |     1 |
| >= 16              |    28 |
+--------------------+-------+
* Control sets can be remapped at either synth_design or opt_design


3. Flip-Flop Distribution
-------------------------

+--------------+-----------------------+------------------------+-----------------+--------------+
| Clock Enable | Synchronous Set/Reset | Asynchronous Set/Reset | Total Registers | Total Slices |
+--------------+-----------------------+------------------------+-----------------+--------------+
| No           | No                    | No                     |             226 |           88 |
| No           | No                    | Yes                    |              53 |           19 |
| No           | Yes                   | No                     |             312 |          127 |
| Yes          | No                    | No                     |             217 |           55 |
| Yes          | No                    | Yes                    |              65 |           24 |
| Yes          | Yes                   | No                     |             846 |          260 |
+--------------+-----------------------+------------------------+-----------------+--------------+


4. Detailed Control Set Information
-----------------------------------

+----------------------------------------------------------------------------------+------------------------------------------------------------------------------------------------------------------------------------------------------------------------------------------------------------+------------------------------------------------------------------------------------------------------------------------------------------------+------------------+----------------+--------------+
|                                   Clock Signal                                   |                                                                                                Enable Signal                                                                                               |                                                                Set/Reset Signal                                                                | Slice Load Count | Bel Load Count | Bels / Slice |
+----------------------------------------------------------------------------------+------------------------------------------------------------------------------------------------------------------------------------------------------------------------------------------------------------+------------------------------------------------------------------------------------------------------------------------------------------------+------------------+----------------+--------------+
| ~design_1_i/mdm_1/U0/No_Dbg_Reg_Access.BUFG_DRCK/Dbg_Clk_0                       | design_1_i/mdm_1/U0/MDM_Core_I1/JTAG_CONTROL_I/Use_BSCAN.FDC_I/CE                                                                                                                                          | design_1_i/mdm_1/U0/MDM_Core_I1/JTAG_CONTROL_I/Use_BSCAN.FDC_I/D                                                                               |                1 |              1 |         1.00 |
|  design_1_i/mdm_1/U0/No_Dbg_Reg_Access.BUFG_DRCK/Dbg_Clk_0                       | design_1_i/mdm_1/U0/Use_E2.BSCAN_I/Use_E2.BSCANE2_I_0                                                                                                                                                      | design_1_i/mdm_1/U0/MDM_Core_I1/JTAG_CONTROL_I/Functional_Reset                                                                                |                1 |              1 |         1.00 |
|  design_1_i/mdm_1/U0/Use_E2.BSCAN_I/Dbg_Update_0_BUFG                            | design_1_i/microblaze_0/U0/MicroBlaze_Core_I/Performance.Core/Use_Debug_Logic.Master_Core.Debug_Perf/Control_Reg_En                                                                                        | design_1_i/microblaze_0/U0/MicroBlaze_Core_I/Performance.Core/Use_Debug_Logic.Master_Core.Debug_Perf/Serial_Dbg_Intf.continue_from_brk_reg_n_0 |                1 |              1 |         1.00 |
|  design_1_i/mdm_1/U0/Use_E2.BSCAN_I/Dbg_Update_0_BUFG                            | design_1_i/microblaze_0/U0/MicroBlaze_Core_I/Performance.Core/Use_Debug_Logic.Master_Core.Debug_Perf/Control_Reg_En                                                                                        | design_1_i/microblaze_0/U0/MicroBlaze_Core_I/Performance.Core/Use_Debug_Logic.Master_Core.Debug_Perf/Serial_Dbg_Intf.force_stop_cmd_i_reg_0    |                1 |              1 |         1.00 |
|  design_1_i/mdm_1/U0/Use_E2.BSCAN_I/Dbg_Update_0_BUFG                            | design_1_i/microblaze_0/U0/MicroBlaze_Core_I/Performance.Core/Use_Debug_Logic.Master_Core.Debug_Perf/Control_Reg_En                                                                                        | design_1_i/microblaze_0/U0/MicroBlaze_Core_I/Performance.Core/Use_Debug_Logic.Master_Core.Debug_Perf/Serial_Dbg_Intf.normal_stop_cmd_i_reg_n_0 |                1 |              1 |         1.00 |
|  design_1_i/mdm_1/U0/Use_E2.BSCAN_I/Dbg_Update_0_BUFG                            | design_1_i/microblaze_0/U0/MicroBlaze_Core_I/Performance.Core/Use_Debug_Logic.Master_Core.Debug_Perf/Control_Reg_En                                                                                        | design_1_i/microblaze_0/U0/MicroBlaze_Core_I/Performance.Core/Use_Debug_Logic.Master_Core.Debug_Perf/start_single_step_reg_n_0                 |                1 |              1 |         1.00 |
| ~design_1_i/mdm_1/U0/Use_E2.BSCAN_I/Dbg_Update_0_BUFG                            |                                                                                                                                                                                                            | design_1_i/mdm_1/U0/MDM_Core_I1/JTAG_CONTROL_I/sel_n                                                                                           |                1 |              1 |         1.00 |
|  design_1_i/clk_wiz_0/inst/clk_out1                                              |                                                                                                                                                                                                            | design_1_i/microblaze_0/U0/MicroBlaze_Core_I/Performance.Core/Use_Debug_Logic.Master_Core.Debug_Perf/capture_1                                 |                1 |              1 |         1.00 |
|  design_1_i/mdm_1/U0/Use_E2.BSCAN_I/Dbg_Update_0_BUFG                            | design_1_i/microblaze_0/U0/MicroBlaze_Core_I/Performance.Core/Use_Debug_Logic.Master_Core.Debug_Perf/Command_Reg_En                                                                                        | design_1_i/microblaze_0/U0/MicroBlaze_Core_I/Performance.Core/Use_Debug_Logic.Master_Core.Debug_Perf/command_reg_clear                         |                1 |              2 |         2.00 |
|  design_1_i/mdm_1/U0/Use_E2.BSCAN_I/Dbg_Update_0_BUFG                            |                                                                                                                                                                                                            |                                                                                                                                                |                1 |              3 |         3.00 |
|  design_1_i/clk_wiz_0/inst/clk_out1                                              | design_1_i/axi_gpio_0/U0/AXI_LITE_IPIF_I/I_SLAVE_ATTACHMENT/I_DECODER/E[0]                                                                                                                                 | design_1_i/axi_gpio_0/U0/AXI_LITE_IPIF_I/I_SLAVE_ATTACHMENT/SR[0]                                                                              |                1 |              4 |         4.00 |
|  design_1_i/mdm_1/U0/No_Dbg_Reg_Access.BUFG_DRCK/Dbg_Clk_0                       | design_1_i/mdm_1/U0/MDM_Core_I1/TDI_Shifter0                                                                                                                                                               | design_1_i/mdm_1/U0/Use_E2.BSCAN_I/AR[0]                                                                                                       |                1 |              4 |         4.00 |
|  design_1_i/clk_wiz_0/inst/clk_out1                                              | design_1_i/axi_gpio_0/U0/AXI_LITE_IPIF_I/I_SLAVE_ATTACHMENT/bus2ip_addr_i[8]_i_1_n_0                                                                                                                       | design_1_i/axi_gpio_0/U0/AXI_LITE_IPIF_I/I_SLAVE_ATTACHMENT/SR[0]                                                                              |                1 |              4 |         4.00 |
|  design_1_i/mdm_1/U0/Use_E2.BSCAN_I/Dbg_Update_0_BUFG                            | design_1_i/microblaze_0/U0/MicroBlaze_Core_I/Performance.Core/Use_Debug_Logic.Master_Core.Debug_Perf/Control_Reg_En                                                                                        |                                                                                                                                                |                1 |              4 |         4.00 |
|  design_1_i/clk_wiz_0/inst/clk_out1                                              | design_1_i/axi_gpio_0/U0/AXI_LITE_IPIF_I/I_SLAVE_ATTACHMENT/start2                                                                                                                                         | design_1_i/axi_gpio_0/U0/AXI_LITE_IPIF_I/I_SLAVE_ATTACHMENT/I_DECODER/cs_ce_clr                                                                |                1 |              4 |         4.00 |
|  design_1_i/mdm_1/U0/Use_E2.BSCAN_I/Dbg_Update_0_BUFG                            | design_1_i/mdm_1/U0/MDM_Core_I1/MDM_SEL                                                                                                                                                                    | design_1_i/mdm_1/U0/Use_E2.BSCAN_I/AR[0]                                                                                                       |                1 |              4 |         4.00 |
| ~design_1_i/mdm_1/U0/Use_E2.BSCAN_I/Dbg_Update_0_BUFG                            |                                                                                                                                                                                                            | design_1_i/mdm_1/U0/Use_E2.BSCAN_I/AR[0]                                                                                                       |                1 |              4 |         4.00 |
|  design_1_i/clk_wiz_0/inst/clk_out1                                              | design_1_i/axi_uartlite_0/U0/UARTLITE_CORE_I/BAUD_RATE_I/en_16x_Baud                                                                                                                                       |                                                                                                                                                |                1 |              4 |         4.00 |
|  design_1_i/clk_wiz_0/inst/clk_out1                                              |                                                                                                                                                                                                            | design_1_i/axi_gpio_0/U0/AXI_LITE_IPIF_I/I_SLAVE_ATTACHMENT/I_DECODER/bus2ip_rnw_i_reg                                                         |                1 |              4 |         4.00 |
|  design_1_i/clk_wiz_0/inst/clk_out1                                              |                                                                                                                                                                                                            | design_1_i/axi_gpio_0/U0/AXI_LITE_IPIF_I/I_SLAVE_ATTACHMENT/clear                                                                              |                1 |              4 |         4.00 |
|  design_1_i/clk_wiz_0/inst/clk_out1                                              | design_1_i/axi_uartlite_0/U0/AXI_LITE_IPIF_I/I_SLAVE_ATTACHMENT/start2                                                                                                                                     | design_1_i/axi_uartlite_0/U0/AXI_LITE_IPIF_I/I_SLAVE_ATTACHMENT/I_DECODER/cs_ce_clr                                                            |                1 |              4 |         4.00 |
|  design_1_i/clk_wiz_0/inst/clk_out1                                              | design_1_i/microblaze_0/U0/MicroBlaze_Core_I/Performance.Core/Decode_I/wb_Halted                                                                                                                           | design_1_i/microblaze_0/U0/MicroBlaze_Core_I/sync_reset                                                                                        |                1 |              5 |         5.00 |
|  design_1_i/clk_wiz_0/inst/clk_out1                                              |                                                                                                                                                                                                            | design_1_i/rst_clk_wiz_0_100M/U0/EXT_LPF/lpf_int                                                                                               |                2 |              5 |         2.50 |
|  design_1_i/clk_wiz_0/inst/clk_out1                                              | design_1_i/axi_gpio_0/U0/AXI_LITE_IPIF_I/I_SLAVE_ATTACHMENT/s_axi_rresp_i                                                                                                                                  | design_1_i/axi_gpio_0/U0/AXI_LITE_IPIF_I/I_SLAVE_ATTACHMENT/SR[0]                                                                              |                2 |              5 |         2.50 |
|  design_1_i/clk_wiz_0/inst/clk_out1                                              |                                                                                                                                                                                                            | design_1_i/axi_uartlite_0/U0/UARTLITE_CORE_I/UARTLITE_RX_I/SRL_FIFO_I/I_SRL_FIFO_RBU_F/CNTR_INCR_DECR_ADDN_F_I/SS[0]                           |                3 |              6 |         2.00 |
|  design_1_i/mdm_1/U0/No_Dbg_Reg_Access.BUFG_DRCK/Dbg_Clk_0                       | design_1_i/mdm_1/U0/MDM_Core_I1/JTAG_CONTROL_I/Use_BSCAN.FDC_I/sample_1                                                                                                                                    |                                                                                                                                                |                1 |              6 |         6.00 |
|  design_1_i/clk_wiz_0/inst/clk_out1                                              |                                                                                                                                                                                                            | design_1_i/axi_uartlite_0/U0/UARTLITE_CORE_I/UARTLITE_TX_I/SRL_FIFO_I/I_SRL_FIFO_RBU_F/CNTR_INCR_DECR_ADDN_F_I/SS[0]                           |                2 |              6 |         3.00 |
|  design_1_i/mdm_1/U0/No_Dbg_Reg_Access.BUFG_DRCK/Dbg_Clk_0                       | design_1_i/mdm_1/U0/Use_E2.BSCAN_I/Use_E2.BSCANE2_I_2                                                                                                                                                      |                                                                                                                                                |                1 |              6 |         6.00 |
|  design_1_i/mdm_1/U0/No_Dbg_Reg_Access.BUFG_DRCK/Dbg_Clk_0                       | design_1_i/mdm_1/U0/Use_E2.BSCAN_I/sel                                                                                                                                                                     |                                                                                                                                                |                2 |              6 |         3.00 |
|  design_1_i/clk_wiz_0/inst/clk_out1                                              | design_1_i/rst_clk_wiz_0_100M/U0/SEQ/seq_cnt_en                                                                                                                                                            | design_1_i/rst_clk_wiz_0_100M/U0/SEQ/SEQ_COUNTER/clear                                                                                         |                1 |              6 |         6.00 |
|  design_1_i/clk_wiz_0/inst/clk_out1                                              | design_1_i/axi_uartlite_0/U0/UARTLITE_CORE_I/BAUD_RATE_I/en_16x_Baud                                                                                                                                       | design_1_i/axi_uartlite_0/U0/UARTLITE_CORE_I/UARTLITE_RX_I/SERIAL_TO_PARALLEL[8].fifo_din[8]_i_1_n_0                                           |                2 |              7 |         3.50 |
|  design_1_i/clk_wiz_0/inst/clk_out1                                              | design_1_i/mydisp_driver_0/inst/mydisp_driver_v1_0_S00_AXI_inst/p_1_in[31]                                                                                                                                 | design_1_i/mydisp_driver_0/inst/mydisp_driver_v1_0_S00_AXI_inst/my_disp/pg/AR[0]                                                               |                1 |              8 |         8.00 |
|  design_1_i/clk_wiz_0/inst/clk_out1                                              | design_1_i/mydisp_driver_0/inst/mydisp_driver_v1_0_S00_AXI_inst/slv_reg3[15]_i_1_n_0                                                                                                                       | design_1_i/mydisp_driver_0/inst/mydisp_driver_v1_0_S00_AXI_inst/my_disp/pg/AR[0]                                                               |                2 |              8 |         4.00 |
|  design_1_i/mdm_1/U0/No_Dbg_Reg_Access.BUFG_DRCK/Dbg_Clk_0                       | design_1_i/microblaze_0/U0/MicroBlaze_Core_I/Performance.Core/Use_Debug_Logic.Master_Core.Debug_Perf/Using_PC_Breakpoints.All_PC_Brks[0].Serial_Interface_1.address_hit_I/Compare[0].SRLC16E_I/which_pc__0 |                                                                                                                                                |                7 |              8 |         1.14 |
|  design_1_i/clk_wiz_0/inst/clk_out1                                              | design_1_i/mydisp_driver_0/inst/mydisp_driver_v1_0_S00_AXI_inst/slv_reg3[23]_i_1_n_0                                                                                                                       | design_1_i/mydisp_driver_0/inst/mydisp_driver_v1_0_S00_AXI_inst/my_disp/pg/AR[0]                                                               |                3 |              8 |         2.67 |
|  design_1_i/mdm_1/U0/No_Dbg_Reg_Access.BUFG_DRCK/Dbg_Clk_0                       | design_1_i/mdm_1/U0/MDM_Core_I1/JTAG_CONTROL_I/tdi_shifter0                                                                                                                                                |                                                                                                                                                |                2 |              8 |         4.00 |
|  design_1_i/clk_wiz_0/inst/clk_out1                                              | design_1_i/mydisp_driver_0/inst/mydisp_driver_v1_0_S00_AXI_inst/slv_reg2[7]_i_1_n_0                                                                                                                        | design_1_i/mydisp_driver_0/inst/mydisp_driver_v1_0_S00_AXI_inst/my_disp/pg/AR[0]                                                               |                2 |              8 |         4.00 |
| ~design_1_i/mdm_1/U0/Use_E2.BSCAN_I/Dbg_Update_0_BUFG                            | design_1_i/mdm_1/U0/MDM_Core_I1/JTAG_CONTROL_I/Use_BSCAN.command[0]_i_1_n_0                                                                                                                                |                                                                                                                                                |                2 |              8 |         4.00 |
|  design_1_i/mdm_1/U0/Use_E2.BSCAN_I/Dbg_Update_0_BUFG                            | design_1_i/mdm_1/U0/MDM_Core_I1/JTAG_CONTROL_I/Use_BSCAN.FDC_I/command_10                                                                                                                                  |                                                                                                                                                |                1 |              8 |         8.00 |
|  design_1_i/clk_wiz_0/inst/clk_out1                                              | design_1_i/mydisp_driver_0/inst/mydisp_driver_v1_0_S00_AXI_inst/slv_reg4[31]_i_1_n_0                                                                                                                       | design_1_i/mydisp_driver_0/inst/mydisp_driver_v1_0_S00_AXI_inst/my_disp/pg/AR[0]                                                               |                1 |              8 |         8.00 |
|  design_1_i/clk_wiz_0/inst/clk_out1                                              | design_1_i/mydisp_driver_0/inst/mydisp_driver_v1_0_S00_AXI_inst/slv_reg1[15]_i_1_n_0                                                                                                                       | design_1_i/mydisp_driver_0/inst/mydisp_driver_v1_0_S00_AXI_inst/my_disp/pg/AR[0]                                                               |                2 |              8 |         4.00 |
|  design_1_i/clk_wiz_0/inst/clk_out1                                              | design_1_i/mydisp_driver_0/inst/mydisp_driver_v1_0_S00_AXI_inst/slv_reg1[7]_i_1_n_0                                                                                                                        | design_1_i/mydisp_driver_0/inst/mydisp_driver_v1_0_S00_AXI_inst/my_disp/pg/AR[0]                                                               |                3 |              8 |         2.67 |
|  design_1_i/clk_wiz_0/inst/clk_out1                                              | design_1_i/mydisp_driver_0/inst/mydisp_driver_v1_0_S00_AXI_inst/slv_reg3[7]_i_1_n_0                                                                                                                        | design_1_i/mydisp_driver_0/inst/mydisp_driver_v1_0_S00_AXI_inst/my_disp/pg/AR[0]                                                               |                2 |              8 |         4.00 |
|  design_1_i/clk_wiz_0/inst/clk_out1                                              | design_1_i/mydisp_driver_0/inst/mydisp_driver_v1_0_S00_AXI_inst/slv_reg3[31]_i_1_n_0                                                                                                                       | design_1_i/mydisp_driver_0/inst/mydisp_driver_v1_0_S00_AXI_inst/my_disp/pg/AR[0]                                                               |                2 |              8 |         4.00 |
|  design_1_i/clk_wiz_0/inst/clk_out1                                              | design_1_i/mydisp_driver_0/inst/mydisp_driver_v1_0_S00_AXI_inst/p_1_in[15]                                                                                                                                 | design_1_i/mydisp_driver_0/inst/mydisp_driver_v1_0_S00_AXI_inst/my_disp/pg/AR[0]                                                               |                1 |              8 |         8.00 |
|  design_1_i/clk_wiz_0/inst/clk_out1                                              | design_1_i/mydisp_driver_0/inst/mydisp_driver_v1_0_S00_AXI_inst/p_1_in[7]                                                                                                                                  | design_1_i/mydisp_driver_0/inst/mydisp_driver_v1_0_S00_AXI_inst/my_disp/pg/AR[0]                                                               |                2 |              8 |         4.00 |
|  design_1_i/clk_wiz_0/inst/clk_out1                                              | design_1_i/mydisp_driver_0/inst/mydisp_driver_v1_0_S00_AXI_inst/slv_reg1[31]_i_1_n_0                                                                                                                       | design_1_i/mydisp_driver_0/inst/mydisp_driver_v1_0_S00_AXI_inst/my_disp/pg/AR[0]                                                               |                1 |              8 |         8.00 |
|  design_1_i/clk_wiz_0/inst/clk_out1                                              | design_1_i/mydisp_driver_0/inst/mydisp_driver_v1_0_S00_AXI_inst/slv_reg2[15]_i_1_n_0                                                                                                                       | design_1_i/mydisp_driver_0/inst/mydisp_driver_v1_0_S00_AXI_inst/my_disp/pg/AR[0]                                                               |                1 |              8 |         8.00 |
|  design_1_i/clk_wiz_0/inst/clk_out1                                              | design_1_i/mydisp_driver_0/inst/mydisp_driver_v1_0_S00_AXI_inst/slv_reg5[31]_i_1_n_0                                                                                                                       | design_1_i/mydisp_driver_0/inst/mydisp_driver_v1_0_S00_AXI_inst/my_disp/pg/AR[0]                                                               |                2 |              8 |         4.00 |
|  design_1_i/clk_wiz_0/inst/clk_out1                                              | design_1_i/axi_uartlite_0/U0/AXI_LITE_IPIF_I/I_SLAVE_ATTACHMENT/I_DECODER/fifo_wr                                                                                                                          |                                                                                                                                                |                1 |              8 |         8.00 |
|  design_1_i/clk_wiz_0/inst/clk_out1                                              | design_1_i/axi_uartlite_0/U0/AXI_LITE_IPIF_I/I_SLAVE_ATTACHMENT/s_axi_rresp_i                                                                                                                              | design_1_i/axi_uartlite_0/U0/AXI_LITE_IPIF_I/I_SLAVE_ATTACHMENT/rst                                                                            |                4 |              8 |         2.00 |
|  design_1_i/clk_wiz_0/inst/clk_out1                                              | design_1_i/axi_uartlite_0/U0/UARTLITE_CORE_I/UARTLITE_RX_I/SRL_FIFO_I/I_SRL_FIFO_RBU_F/DYNSHREG_F_I/fifo_wr                                                                                                |                                                                                                                                                |                1 |              8 |         8.00 |
|  design_1_i/clk_wiz_0/inst/clk_out1                                              | design_1_i/mydisp_driver_0/inst/mydisp_driver_v1_0_S00_AXI_inst/slv_reg2[31]_i_1_n_0                                                                                                                       | design_1_i/mydisp_driver_0/inst/mydisp_driver_v1_0_S00_AXI_inst/my_disp/pg/AR[0]                                                               |                1 |              8 |         8.00 |
|  design_1_i/clk_wiz_0/inst/clk_out1                                              | design_1_i/mydisp_driver_0/inst/mydisp_driver_v1_0_S00_AXI_inst/slv_reg4[7]_i_1_n_0                                                                                                                        | design_1_i/mydisp_driver_0/inst/mydisp_driver_v1_0_S00_AXI_inst/my_disp/pg/AR[0]                                                               |                3 |              8 |         2.67 |
|  design_1_i/clk_wiz_0/inst/clk_out1                                              | design_1_i/mydisp_driver_0/inst/mydisp_driver_v1_0_S00_AXI_inst/slv_reg4[23]_i_1_n_0                                                                                                                       | design_1_i/mydisp_driver_0/inst/mydisp_driver_v1_0_S00_AXI_inst/my_disp/pg/AR[0]                                                               |                1 |              8 |         8.00 |
|  design_1_i/clk_wiz_0/inst/clk_out1                                              | design_1_i/mydisp_driver_0/inst/mydisp_driver_v1_0_S00_AXI_inst/slv_reg5[15]_i_1_n_0                                                                                                                       | design_1_i/mydisp_driver_0/inst/mydisp_driver_v1_0_S00_AXI_inst/my_disp/pg/AR[0]                                                               |                3 |              8 |         2.67 |
|  design_1_i/clk_wiz_0/inst/clk_out1                                              | design_1_i/mydisp_driver_0/inst/mydisp_driver_v1_0_S00_AXI_inst/slv_reg2[23]_i_1_n_0                                                                                                                       | design_1_i/mydisp_driver_0/inst/mydisp_driver_v1_0_S00_AXI_inst/my_disp/pg/AR[0]                                                               |                2 |              8 |         4.00 |
|  design_1_i/clk_wiz_0/inst/clk_out1                                              | design_1_i/mydisp_driver_0/inst/mydisp_driver_v1_0_S00_AXI_inst/slv_reg4[15]_i_1_n_0                                                                                                                       | design_1_i/mydisp_driver_0/inst/mydisp_driver_v1_0_S00_AXI_inst/my_disp/pg/AR[0]                                                               |                4 |              8 |         2.00 |
|  design_1_i/clk_wiz_0/inst/clk_out1                                              | design_1_i/mydisp_driver_0/inst/mydisp_driver_v1_0_S00_AXI_inst/slv_reg1[23]_i_1_n_0                                                                                                                       | design_1_i/mydisp_driver_0/inst/mydisp_driver_v1_0_S00_AXI_inst/my_disp/pg/AR[0]                                                               |                1 |              8 |         8.00 |
|  design_1_i/clk_wiz_0/inst/clk_out1                                              | design_1_i/mydisp_driver_0/inst/mydisp_driver_v1_0_S00_AXI_inst/slv_reg5[23]_i_1_n_0                                                                                                                       | design_1_i/mydisp_driver_0/inst/mydisp_driver_v1_0_S00_AXI_inst/my_disp/pg/AR[0]                                                               |                1 |              8 |         8.00 |
|  design_1_i/clk_wiz_0/inst/clk_out1                                              | design_1_i/mydisp_driver_0/inst/mydisp_driver_v1_0_S00_AXI_inst/slv_reg5[7]_i_1_n_0                                                                                                                        | design_1_i/mydisp_driver_0/inst/mydisp_driver_v1_0_S00_AXI_inst/my_disp/pg/AR[0]                                                               |                2 |              8 |         4.00 |
|  design_1_i/clk_wiz_0/inst/clk_out1                                              | design_1_i/mydisp_driver_0/inst/mydisp_driver_v1_0_S00_AXI_inst/p_1_in[23]                                                                                                                                 | design_1_i/mydisp_driver_0/inst/mydisp_driver_v1_0_S00_AXI_inst/my_disp/pg/AR[0]                                                               |                1 |              8 |         8.00 |
|  design_1_i/mydisp_driver_0/inst/mydisp_driver_v1_0_S00_AXI_inst/my_disp/vga/CLK |                                                                                                                                                                                                            | design_1_i/mydisp_driver_0/inst/mydisp_driver_v1_0_S00_AXI_inst/my_disp/vga/v_count_next[9]_i_1_n_0                                            |                3 |             10 |         3.33 |
|  design_1_i/mdm_1/U0/No_Dbg_Reg_Access.BUFG_DRCK/Dbg_Clk_0                       | design_1_i/mdm_1/U0/MDM_Core_I1/JTAG_CONTROL_I/Use_BSCAN.FDC_I/Use_Serial_Unified_Completion.completion_block_reg                                                                                          |                                                                                                                                                |                4 |             10 |         2.50 |
|  design_1_i/mydisp_driver_0/inst/mydisp_driver_v1_0_S00_AXI_inst/my_disp/vga/CLK |                                                                                                                                                                                                            | design_1_i/mydisp_driver_0/inst/mydisp_driver_v1_0_S00_AXI_inst/my_disp/vga/h_count_next_0                                                     |                3 |             10 |         3.33 |
|  design_1_i/clk_wiz_0/inst/clk_out1                                              |                                                                                                                                                                                                            | design_1_i/axi_uartlite_0/U0/AXI_LITE_IPIF_I/I_SLAVE_ATTACHMENT/rst                                                                            |                4 |             10 |         2.50 |
|  design_1_i/clk_wiz_0/inst/clk_out1                                              |                                                                                                                                                                                                            | design_1_i/microblaze_0_axi_periph/xbar/inst/gen_sasd.crossbar_sasd_0/addr_arbiter_inst/SR[0]                                                  |                5 |             13 |         2.60 |
|  design_1_i/clk_wiz_0/inst/clk_out1                                              | design_1_i/microblaze_0_axi_periph/xbar/inst/gen_sasd.crossbar_sasd_0/reg_slice_r/aa_rready                                                                                                                |                                                                                                                                                |                7 |             15 |         2.14 |
|  design_1_i/clk_wiz_0/inst/clk_out1                                              | design_1_i/microblaze_0/U0/MicroBlaze_Core_I/Performance.Core/Decode_I/PreFetch_Buffer_I1/OF_Valid_DFF/E[0]                                                                                                | design_1_i/microblaze_0/U0/MicroBlaze_Core_I/sync_reset                                                                                        |                6 |             16 |         2.67 |
|  design_1_i/clk_wiz_0/inst/clk_out1                                              | design_1_i/microblaze_0_axi_periph/xbar/inst/gen_sasd.crossbar_sasd_0/addr_arbiter_inst/p_0_in1_in                                                                                                         | design_1_i/microblaze_0_axi_periph/xbar/inst/gen_sasd.crossbar_sasd_0/addr_arbiter_inst/SR[0]                                                  |                4 |             20 |         5.00 |
|  design_1_i/clk_wiz_0/inst/clk_out1                                              | design_1_i/microblaze_0/U0/MicroBlaze_Core_I/Performance.Core/Decode_I/mem_wait_on_ready_N_carry_or/MUXCY_I/lopt_1                                                                                         | design_1_i/microblaze_0/U0/MicroBlaze_Core_I/sync_reset                                                                                        |                8 |             20 |         2.50 |
|  design_1_i/clk_wiz_0/inst/clk_out1                                              |                                                                                                                                                                                                            | design_1_i/axi_gpio_0/U0/AXI_LITE_IPIF_I/I_SLAVE_ATTACHMENT/SR[0]                                                                              |                6 |             20 |         3.33 |
|  design_1_i/mdm_1/U0/No_Dbg_Reg_Access.BUFG_DRCK/Dbg_Clk_0                       |                                                                                                                                                                                                            | design_1_i/mdm_1/U0/Use_E2.BSCAN_I/Use_E2.BSCANE2_I_4                                                                                          |                5 |             23 |         4.60 |
|  design_1_i/clk_wiz_0/inst/clk_out1                                              | design_1_i/axi_uartlite_0/U0/UARTLITE_CORE_I/BAUD_RATE_I/en_16x_Baud                                                                                                                                       | design_1_i/axi_uartlite_0/U0/UARTLITE_CORE_I/UARTLITE_RX_I/s_axi_aresetn_0                                                                     |                7 |             28 |         4.00 |
|  design_1_i/clk_wiz_0/inst/clk_out1                                              |                                                                                                                                                                                                            | design_1_i/axi_uartlite_0/U0/UARTLITE_CORE_I/UARTLITE_RX_I/s_axi_aresetn_0                                                                     |               12 |             30 |         2.50 |
|  design_1_i/mdm_1/U0/No_Dbg_Reg_Access.BUFG_DRCK/Dbg_Clk_0                       | design_1_i/microblaze_0/U0/MicroBlaze_Core_I/Performance.Core/Use_Debug_Logic.Master_Core.Debug_Perf/New_Dbg_Instr_TCK                                                                                     |                                                                                                                                                |               10 |             32 |         3.20 |
|  design_1_i/clk_wiz_0/inst/clk_out1                                              |                                                                                                                                                                                                            | design_1_i/microblaze_0/U0/MicroBlaze_Core_I/Performance.Core/wb_dlmb_valid_read_data0                                                         |               14 |             32 |         2.29 |
|  design_1_i/clk_wiz_0/inst/clk_out1                                              | design_1_i/microblaze_0/U0/MicroBlaze_Core_I/Performance.Core/Use_Debug_Logic.Master_Core.Debug_Perf/data_rd_reg[0]_i_1_n_0                                                                                | design_1_i/microblaze_0/U0/MicroBlaze_Core_I/sync_reset                                                                                        |               11 |             32 |         2.91 |
|  design_1_i/clk_wiz_0/inst/clk_out1                                              | design_1_i/microblaze_0/U0/MicroBlaze_Core_I/Performance.Core/Decode_I/Use_MuxCy[3].OF_Piperun_Stage/MUXCY_I/Using_FPGA.Native_0                                                                           | design_1_i/microblaze_0/U0/MicroBlaze_Core_I/Performance.Core/Decode_I/R                                                                       |               15 |             32 |         2.13 |
|  design_1_i/clk_wiz_0/inst/clk_out1                                              | design_1_i/microblaze_0/U0/MicroBlaze_Core_I/Performance.Core/Decode_I/Use_MuxCy[3].OF_Piperun_Stage/MUXCY_I/E[0]                                                                                          | design_1_i/microblaze_0/U0/MicroBlaze_Core_I/sync_reset                                                                                        |                6 |             32 |         5.33 |
|  design_1_i/clk_wiz_0/inst/clk_out1                                              | design_1_i/microblaze_0_axi_periph/xbar/inst/gen_sasd.crossbar_sasd_0/addr_arbiter_inst/s_axi_rvalid[0]                                                                                                    | design_1_i/microblaze_0/U0/MicroBlaze_Core_I/sync_reset                                                                                        |               10 |             32 |         3.20 |
|  design_1_i/clk_wiz_0/inst/clk_out1                                              | design_1_i/mydisp_driver_0/inst/mydisp_driver_v1_0_S00_AXI_inst/slv_reg_rden__0                                                                                                                            | design_1_i/mydisp_driver_0/inst/mydisp_driver_v1_0_S00_AXI_inst/my_disp/pg/AR[0]                                                               |               13 |             32 |         2.46 |
|  design_1_i/clk_wiz_0/inst/clk_out1                                              | design_1_i/microblaze_0/U0/MicroBlaze_Core_I/Performance.Core/Decode_I/mem_wait_on_ready_N_carry_or/MUXCY_I/lopt_1                                                                                         | design_1_i/microblaze_0/U0/MicroBlaze_Core_I/Performance.Core/Decode_I/SR[0]                                                                   |                8 |             32 |         4.00 |
|  design_1_i/clk_wiz_0/inst/clk_out1                                              | design_1_i/microblaze_0/U0/MicroBlaze_Core_I/Performance.Core/Decode_I/PreFetch_Buffer_I1/Gen_Mux_Select_LUT6[1].Gen_Sel_DFF/if_fetch_in_progress_reg[0]                                                   | design_1_i/microblaze_0/U0/MicroBlaze_Core_I/sync_reset                                                                                        |                8 |             32 |         4.00 |
|  design_1_i/clk_wiz_0/inst/clk_out1                                              | design_1_i/microblaze_0/U0/MicroBlaze_Core_I/Performance.Core/Decode_I/mem_wait_on_ready_N_carry_or/MUXCY_I/lopt_1                                                                                         |                                                                                                                                                |                5 |             32 |         6.40 |
|  design_1_i/clk_wiz_0/inst/clk_out1                                              | design_1_i/microblaze_0_axi_periph/xbar/inst/gen_sasd.crossbar_sasd_0/addr_arbiter_inst/E[0]                                                                                                               |                                                                                                                                                |                7 |             33 |         4.71 |
|  design_1_i/clk_wiz_0/inst/clk_out1                                              |                                                                                                                                                                                                            | design_1_i/mydisp_driver_0/inst/mydisp_driver_v1_0_S00_AXI_inst/my_disp/pg/AR[0]                                                               |               14 |             36 |         2.57 |
|  design_1_i/mdm_1/U0/No_Dbg_Reg_Access.BUFG_DRCK/Dbg_Clk_0                       | design_1_i/mdm_1/U0/Use_E2.BSCAN_I/Use_E2.BSCANE2_I_0                                                                                                                                                      |                                                                                                                                                |               11 |             47 |         4.27 |
|  design_1_i/clk_wiz_0/inst/clk_out1                                              | design_1_i/mydisp_driver_0/inst/mydisp_driver_v1_0_S00_AXI_inst/my_disp/vga/refresh_tick                                                                                                                   | design_1_i/mydisp_driver_0/inst/mydisp_driver_v1_0_S00_AXI_inst/my_disp/pg/AR[0]                                                               |               16 |             50 |         3.12 |
|  design_1_i/clk_wiz_0/inst/clk_out1                                              | design_1_i/microblaze_0/U0/MicroBlaze_Core_I/Performance.Core/Decode_I/PreFetch_Buffer_I1/Instruction_Prefetch_Mux[42].Instr_Mux_MUXF7/IReady_0                                                            |                                                                                                                                                |               10 |             75 |         7.50 |
|  design_1_i/mdm_1/U0/No_Dbg_Reg_Access.BUFG_DRCK/Dbg_Clk_0                       |                                                                                                                                                                                                            |                                                                                                                                                |               28 |             80 |         2.86 |
|  design_1_i/clk_wiz_0/inst/clk_out1                                              | design_1_i/microblaze_0/U0/MicroBlaze_Core_I/Performance.Core/Decode_I/Use_MuxCy[3].OF_Piperun_Stage/MUXCY_I/Using_FPGA.Native_0                                                                           | design_1_i/microblaze_0/U0/MicroBlaze_Core_I/sync_reset                                                                                        |               29 |             80 |         2.76 |
|  design_1_i/clk_wiz_0/inst/clk_out1                                              | design_1_i/microblaze_0/U0/MicroBlaze_Core_I/Performance.Core/Decode_I/WB_GPR_Wr                                                                                                                           |                                                                                                                                                |               16 |            128 |         8.00 |
|  design_1_i/clk_wiz_0/inst/clk_out1                                              |                                                                                                                                                                                                            | design_1_i/microblaze_0/U0/MicroBlaze_Core_I/sync_reset                                                                                        |               68 |            150 |         2.21 |
|  design_1_i/clk_wiz_0/inst/clk_out1                                              |                                                                                                                                                                                                            |                                                                                                                                                |               63 |            160 |         2.54 |
|  design_1_i/clk_wiz_0/inst/clk_out1                                              | design_1_i/microblaze_0/U0/MicroBlaze_Core_I/Performance.Core/Decode_I/Use_MuxCy[11].OF_Piperun_Stage/MUXCY_I/Using_FPGA.Native_0                                                                          | design_1_i/microblaze_0/U0/MicroBlaze_Core_I/sync_reset                                                                                        |               76 |            218 |         2.87 |
+----------------------------------------------------------------------------------+------------------------------------------------------------------------------------------------------------------------------------------------------------------------------------------------------------+------------------------------------------------------------------------------------------------------------------------------------------------+------------------+----------------+--------------+


