
*** Running vivado
    with args -log top.vds -m64 -product Vivado -mode batch -messageDb vivado.pb -notrace -source top.tcl



****** Vivado v2022.1 (64-bit)
  **** SW Build 3526262 on Mon Apr 18 15:48:16 MDT 2022
  **** IP Build 3524634 on Mon Apr 18 20:55:01 MDT 2022
    ** Copyright 1986-2022 Xilinx, Inc. All Rights Reserved.

source top.tcl -notrace
Command: read_checkpoint -auto_incremental -incremental D:/testCodes/5934_SoC/hw1/project_2/project_2.srcs/utils_1/imports/synth_1/top.dcp
INFO: [Vivado 12-5825] Read reference checkpoint from D:/testCodes/5934_SoC/hw1/project_2/project_2.srcs/utils_1/imports/synth_1/top.dcp for incremental synthesis
INFO: [Vivado 12-7989] Please ensure there are no constraint changes
Command: synth_design -top top -part xc7a35tcpg236-1
Starting synth_design
Attempting to get a license for feature 'Synthesis' and/or device 'xc7a35t'
INFO: [Common 17-349] Got license for feature 'Synthesis' and/or device 'xc7a35t'
INFO: [Device 21-403] Loading part xc7a35tcpg236-1
INFO: [Designutils 20-5440] No compile time benefit to using incremental synthesis; A full resynthesis will be run
INFO: [Designutils 20-4379] Flow is switching to default flow due to incremental criteria not met. If you would like to alter this behaviour and have the flow terminate instead, please set the following parameter config_implementation {autoIncr.Synth.RejectBehavior Terminate}
INFO: [Synth 8-7079] Multithreading enabled for synth_design using a maximum of 2 processes.
INFO: [Synth 8-7078] Launching helper process for spawning children vivado processes
INFO: [Synth 8-7075] Helper process launched with PID 12764
---------------------------------------------------------------------------------
Starting RTL Elaboration : Time (s): cpu = 00:00:03 ; elapsed = 00:00:05 . Memory (MB): peak = 1284.762 ; gain = 0.000
---------------------------------------------------------------------------------
INFO: [Synth 8-6157] synthesizing module 'top' [D:/testCodes/5934_SoC/hw1/project_2/project_2.srcs/sources_1/imports/code/top.v:10]
INFO: [Synth 8-6157] synthesizing module 'deb_button' [D:/testCodes/5934_SoC/hw1/project_2/project_2.srcs/sources_1/imports/code/debounce.v:3]
INFO: [Synth 8-6155] done synthesizing module 'deb_button' (0#1) [D:/testCodes/5934_SoC/hw1/project_2/project_2.srcs/sources_1/imports/code/debounce.v:3]
INFO: [Synth 8-6157] synthesizing module 'vga_controller' [D:/testCodes/5934_SoC/hw1/project_2/project_2.srcs/sources_1/imports/code/vga_controller.v:21]
INFO: [Synth 8-6155] done synthesizing module 'vga_controller' (0#1) [D:/testCodes/5934_SoC/hw1/project_2/project_2.srcs/sources_1/imports/code/vga_controller.v:21]
INFO: [Synth 8-6157] synthesizing module 'pixel_gen_2p' [D:/testCodes/5934_SoC/hw1/project_2/project_2.srcs/sources_1/imports/code/pixel_gen_2p.sv:3]
INFO: [Synth 8-6157] synthesizing module 'enc_ascii_rom' [D:/testCodes/5934_SoC/hw1/project_2/project_2.srcs/sources_1/new/enc_ascii_rom.v:23]
INFO: [Synth 8-6155] done synthesizing module 'enc_ascii_rom' (0#1) [D:/testCodes/5934_SoC/hw1/project_2/project_2.srcs/sources_1/new/enc_ascii_rom.v:23]
WARNING: [Synth 8-567] referenced signal 'ball_left' should be on the sensitivity list [D:/testCodes/5934_SoC/hw1/project_2/project_2.srcs/sources_1/imports/code/pixel_gen_2p.sv:215]
WARNING: [Synth 8-567] referenced signal 'x_change_next' should be on the sensitivity list [D:/testCodes/5934_SoC/hw1/project_2/project_2.srcs/sources_1/imports/code/pixel_gen_2p.sv:215]
WARNING: [Synth 8-567] referenced signal 'player1_score_reg' should be on the sensitivity list [D:/testCodes/5934_SoC/hw1/project_2/project_2.srcs/sources_1/imports/code/pixel_gen_2p.sv:215]
INFO: [Synth 8-6157] synthesizing module 'adder' [D:/testCodes/5934_SoC/hw1/project_2/project_2.srcs/sources_1/new/adder.v:23]
INFO: [Synth 8-6155] done synthesizing module 'adder' (0#1) [D:/testCodes/5934_SoC/hw1/project_2/project_2.srcs/sources_1/new/adder.v:23]
WARNING: [Synth 8-567] referenced signal 'ball_left' should be on the sensitivity list [D:/testCodes/5934_SoC/hw1/project_2/project_2.srcs/sources_1/imports/code/pixel_gen_2p.sv:262]
WARNING: [Synth 8-567] referenced signal 'x_change_next' should be on the sensitivity list [D:/testCodes/5934_SoC/hw1/project_2/project_2.srcs/sources_1/imports/code/pixel_gen_2p.sv:262]
WARNING: [Synth 8-567] referenced signal 'player2_score_reg' should be on the sensitivity list [D:/testCodes/5934_SoC/hw1/project_2/project_2.srcs/sources_1/imports/code/pixel_gen_2p.sv:262]
WARNING: [Synth 8-567] referenced signal 'player2_score_next_t' should be on the sensitivity list [D:/testCodes/5934_SoC/hw1/project_2/project_2.srcs/sources_1/imports/code/pixel_gen_2p.sv:262]
INFO: [Synth 8-6155] done synthesizing module 'pixel_gen_2p' (0#1) [D:/testCodes/5934_SoC/hw1/project_2/project_2.srcs/sources_1/imports/code/pixel_gen_2p.sv:3]
INFO: [Synth 8-6155] done synthesizing module 'top' (0#1) [D:/testCodes/5934_SoC/hw1/project_2/project_2.srcs/sources_1/imports/code/top.v:10]
WARNING: [Synth 8-6014] Unused sequential element flag_reg_reg was removed.  [D:/testCodes/5934_SoC/hw1/project_2/project_2.srcs/sources_1/imports/code/pixel_gen_2p.sv:99]
---------------------------------------------------------------------------------
Finished RTL Elaboration : Time (s): cpu = 00:00:04 ; elapsed = 00:00:06 . Memory (MB): peak = 1284.762 ; gain = 0.000
---------------------------------------------------------------------------------
---------------------------------------------------------------------------------
Start Handling Custom Attributes
---------------------------------------------------------------------------------
---------------------------------------------------------------------------------
Finished Handling Custom Attributes : Time (s): cpu = 00:00:04 ; elapsed = 00:00:06 . Memory (MB): peak = 1284.762 ; gain = 0.000
---------------------------------------------------------------------------------
---------------------------------------------------------------------------------
Finished RTL Optimization Phase 1 : Time (s): cpu = 00:00:04 ; elapsed = 00:00:06 . Memory (MB): peak = 1284.762 ; gain = 0.000
---------------------------------------------------------------------------------
Netlist sorting complete. Time (s): cpu = 00:00:00 ; elapsed = 00:00:00.004 . Memory (MB): peak = 1284.762 ; gain = 0.000
INFO: [Project 1-570] Preparing netlist for logic optimization

Processing XDC Constraints
Initializing timing engine
Parsing XDC File [D:/testCodes/5934_SoC/hw1/project_2/project_2.srcs/constrs_1/imports/code/const_pong1.xdc]
Finished Parsing XDC File [D:/testCodes/5934_SoC/hw1/project_2/project_2.srcs/constrs_1/imports/code/const_pong1.xdc]
INFO: [Project 1-236] Implementation specific constraints were found while reading constraint file [D:/testCodes/5934_SoC/hw1/project_2/project_2.srcs/constrs_1/imports/code/const_pong1.xdc]. These constraints will be ignored for synthesis but will be used in implementation. Impacted constraints are listed in the file [.Xil/top_propImpl.xdc].
Resolution: To avoid this warning, move constraints listed in [.Xil/top_propImpl.xdc] to another XDC file and exclude this new file from synthesis with the used_in_synthesis property (File Properties dialog in GUI) and re-run elaboration/synthesis.
Completed Processing XDC Constraints

Netlist sorting complete. Time (s): cpu = 00:00:00 ; elapsed = 00:00:00 . Memory (MB): peak = 1320.234 ; gain = 0.000
INFO: [Project 1-111] Unisim Transformation Summary:
No Unisim elements were transformed.

Constraint Validation Runtime : Time (s): cpu = 00:00:00 ; elapsed = 00:00:00.002 . Memory (MB): peak = 1320.234 ; gain = 0.000
INFO: [Designutils 20-5440] No compile time benefit to using incremental synthesis; A full resynthesis will be run
INFO: [Designutils 20-4379] Flow is switching to default flow due to incremental criteria not met. If you would like to alter this behaviour and have the flow terminate instead, please set the following parameter config_implementation {autoIncr.Synth.RejectBehavior Terminate}
---------------------------------------------------------------------------------
Finished Constraint Validation : Time (s): cpu = 00:00:09 ; elapsed = 00:00:12 . Memory (MB): peak = 1320.234 ; gain = 35.473
---------------------------------------------------------------------------------
---------------------------------------------------------------------------------
Start Loading Part and Timing Information
---------------------------------------------------------------------------------
Loading part: xc7a35tcpg236-1
---------------------------------------------------------------------------------
Finished Loading Part and Timing Information : Time (s): cpu = 00:00:09 ; elapsed = 00:00:12 . Memory (MB): peak = 1320.234 ; gain = 35.473
---------------------------------------------------------------------------------
---------------------------------------------------------------------------------
Start Applying 'set_property' XDC Constraints
---------------------------------------------------------------------------------
---------------------------------------------------------------------------------
Finished applying 'set_property' XDC Constraints : Time (s): cpu = 00:00:09 ; elapsed = 00:00:12 . Memory (MB): peak = 1320.234 ; gain = 35.473
---------------------------------------------------------------------------------
---------------------------------------------------------------------------------
Finished RTL Optimization Phase 2 : Time (s): cpu = 00:00:09 ; elapsed = 00:00:13 . Memory (MB): peak = 1320.234 ; gain = 35.473
---------------------------------------------------------------------------------
---------------------------------------------------------------------------------
Start RTL Component Statistics 
---------------------------------------------------------------------------------
Detailed RTL Component Info : 
+---Adders : 
	   2 Input   10 Bit       Adders := 10    
	   2 Input    5 Bit       Adders := 3     
	   3 Input    3 Bit       Adders := 2     
	   2 Input    3 Bit       Adders := 2     
	   2 Input    2 Bit       Adders := 1     
+---Registers : 
	               12 Bit    Registers := 1     
	               10 Bit    Registers := 10    
	                5 Bit    Registers := 2     
	                4 Bit    Registers := 14    
	                2 Bit    Registers := 1     
	                1 Bit    Registers := 17    
+---ROMs : 
	                    ROMs := 7     
+---Muxes : 
	   8 Input   12 Bit        Muxes := 1     
	   2 Input   10 Bit        Muxes := 1     
	   5 Input   10 Bit        Muxes := 3     
	   8 Input    8 Bit        Muxes := 1     
	   2 Input    5 Bit        Muxes := 7     
	   2 Input    4 Bit        Muxes := 7     
	   2 Input    1 Bit        Muxes := 4     
	   4 Input    1 Bit        Muxes := 5     
---------------------------------------------------------------------------------
Finished RTL Component Statistics 
---------------------------------------------------------------------------------
---------------------------------------------------------------------------------
Start Part Resource Summary
---------------------------------------------------------------------------------
Part Resources:
DSPs: 90 (col length:60)
BRAMs: 100 (col length: RAMB18 60 RAMB36 30)
---------------------------------------------------------------------------------
Finished Part Resource Summary
---------------------------------------------------------------------------------
---------------------------------------------------------------------------------
Start Cross Boundary and Area Optimization
---------------------------------------------------------------------------------
WARNING: [Synth 8-7080] Parallel synthesis criteria is not met
---------------------------------------------------------------------------------
Finished Cross Boundary and Area Optimization : Time (s): cpu = 00:00:12 ; elapsed = 00:00:16 . Memory (MB): peak = 1320.234 ; gain = 35.473
---------------------------------------------------------------------------------
---------------------------------------------------------------------------------
Start ROM, RAM, DSP, Shift Register and Retiming Reporting
---------------------------------------------------------------------------------

ROM: Preliminary Mapping Report
+------------+-----------------------------------+---------------+----------------+
|Module Name | RTL Object                        | Depth x Width | Implemented As | 
+------------+-----------------------------------+---------------+----------------+
|top         | pg/player1_rom/score_rom_data_reg | 256x4         | Block RAM      | 
|top         | pg/player2_rom/score_rom_data_reg | 256x4         | Block RAM      | 
|top         | pg/msg0_rom/score_rom_data_reg    | 256x4         | Block RAM      | 
|top         | pg/msg1_rom/score_rom_data_reg    | 256x4         | Block RAM      | 
|top         | pg/msg2_rom/score_rom_data_reg    | 256x4         | Block RAM      | 
|top         | pg/msg3_rom/score_rom_data_reg    | 256x4         | Block RAM      | 
|top         | pg/msg4_rom/score_rom_data_reg    | 256x4         | Block RAM      | 
+------------+-----------------------------------+---------------+----------------+

---------------------------------------------------------------------------------
Finished ROM, RAM, DSP, Shift Register and Retiming Reporting
---------------------------------------------------------------------------------
---------------------------------------------------------------------------------
Start Applying XDC Timing Constraints
---------------------------------------------------------------------------------
---------------------------------------------------------------------------------
Finished Applying XDC Timing Constraints : Time (s): cpu = 00:00:15 ; elapsed = 00:00:19 . Memory (MB): peak = 1320.234 ; gain = 35.473
---------------------------------------------------------------------------------
---------------------------------------------------------------------------------
Start Timing Optimization
---------------------------------------------------------------------------------
---------------------------------------------------------------------------------
Finished Timing Optimization : Time (s): cpu = 00:00:16 ; elapsed = 00:00:21 . Memory (MB): peak = 1320.234 ; gain = 35.473
---------------------------------------------------------------------------------
---------------------------------------------------------------------------------
Start Technology Mapping
---------------------------------------------------------------------------------
INFO: [Synth 8-7052] The timing for the instance pg/player1_rom/score_rom_data_reg (implemented as a Block RAM) might be sub-optimal as no optional output register could be merged into the ram block. Providing additional output register may help in improving timing.
INFO: [Synth 8-7052] The timing for the instance pg/player1_rom/score_rom_data_reg (implemented as a Block RAM) might be sub-optimal as no optional output register could be merged into the ram block. Providing additional output register may help in improving timing.
INFO: [Synth 8-7052] The timing for the instance pg/msg0_rom/score_rom_data_reg (implemented as a Block RAM) might be sub-optimal as no optional output register could be merged into the ram block. Providing additional output register may help in improving timing.
INFO: [Synth 8-7052] The timing for the instance pg/msg0_rom/score_rom_data_reg (implemented as a Block RAM) might be sub-optimal as no optional output register could be merged into the ram block. Providing additional output register may help in improving timing.
INFO: [Synth 8-7052] The timing for the instance pg/msg1_rom/score_rom_data_reg (implemented as a Block RAM) might be sub-optimal as no optional output register could be merged into the ram block. Providing additional output register may help in improving timing.
INFO: [Synth 8-7052] The timing for the instance pg/msg3_rom/score_rom_data_reg (implemented as a Block RAM) might be sub-optimal as no optional output register could be merged into the ram block. Providing additional output register may help in improving timing.
INFO: [Synth 8-7052] The timing for the instance pg/msg3_rom/score_rom_data_reg (implemented as a Block RAM) might be sub-optimal as no optional output register could be merged into the ram block. Providing additional output register may help in improving timing.
---------------------------------------------------------------------------------
Finished Technology Mapping : Time (s): cpu = 00:00:16 ; elapsed = 00:00:21 . Memory (MB): peak = 1320.234 ; gain = 35.473
---------------------------------------------------------------------------------
---------------------------------------------------------------------------------
Start IO Insertion
---------------------------------------------------------------------------------
---------------------------------------------------------------------------------
Start Flattening Before IO Insertion
---------------------------------------------------------------------------------
---------------------------------------------------------------------------------
Finished Flattening Before IO Insertion
---------------------------------------------------------------------------------
---------------------------------------------------------------------------------
Start Final Netlist Cleanup
---------------------------------------------------------------------------------
---------------------------------------------------------------------------------
Finished Final Netlist Cleanup
---------------------------------------------------------------------------------
---------------------------------------------------------------------------------
Finished IO Insertion : Time (s): cpu = 00:00:19 ; elapsed = 00:00:25 . Memory (MB): peak = 1320.234 ; gain = 35.473
---------------------------------------------------------------------------------
---------------------------------------------------------------------------------
Start Renaming Generated Instances
---------------------------------------------------------------------------------
---------------------------------------------------------------------------------
Finished Renaming Generated Instances : Time (s): cpu = 00:00:19 ; elapsed = 00:00:25 . Memory (MB): peak = 1320.234 ; gain = 35.473
---------------------------------------------------------------------------------
---------------------------------------------------------------------------------
Start Rebuilding User Hierarchy
---------------------------------------------------------------------------------
---------------------------------------------------------------------------------
Finished Rebuilding User Hierarchy : Time (s): cpu = 00:00:19 ; elapsed = 00:00:25 . Memory (MB): peak = 1320.234 ; gain = 35.473
---------------------------------------------------------------------------------
---------------------------------------------------------------------------------
Start Renaming Generated Ports
---------------------------------------------------------------------------------
---------------------------------------------------------------------------------
Finished Renaming Generated Ports : Time (s): cpu = 00:00:19 ; elapsed = 00:00:25 . Memory (MB): peak = 1320.234 ; gain = 35.473
---------------------------------------------------------------------------------
---------------------------------------------------------------------------------
Start Handling Custom Attributes
---------------------------------------------------------------------------------
---------------------------------------------------------------------------------
Finished Handling Custom Attributes : Time (s): cpu = 00:00:19 ; elapsed = 00:00:25 . Memory (MB): peak = 1320.234 ; gain = 35.473
---------------------------------------------------------------------------------
---------------------------------------------------------------------------------
Start Renaming Generated Nets
---------------------------------------------------------------------------------
---------------------------------------------------------------------------------
Finished Renaming Generated Nets : Time (s): cpu = 00:00:19 ; elapsed = 00:00:25 . Memory (MB): peak = 1320.234 ; gain = 35.473
---------------------------------------------------------------------------------
---------------------------------------------------------------------------------
Start Writing Synthesis Report
---------------------------------------------------------------------------------

Report BlackBoxes: 
+-+--------------+----------+
| |BlackBox name |Instances |
+-+--------------+----------+
+-+--------------+----------+

Report Cell Usage: 
+------+---------+------+
|      |Cell     |Count |
+------+---------+------+
|1     |BUFG     |     1|
|2     |CARRY4   |    36|
|3     |LUT1     |    10|
|4     |LUT2     |    67|
|5     |LUT3     |    40|
|6     |LUT4     |    94|
|7     |LUT5     |    52|
|8     |LUT6     |   103|
|9     |RAMB18E1 |     4|
|11    |FDCE     |    81|
|12    |FDPE     |     4|
|13    |FDRE     |    66|
|14    |IBUF     |     6|
|15    |OBUF     |    14|
+------+---------+------+
---------------------------------------------------------------------------------
Finished Writing Synthesis Report : Time (s): cpu = 00:00:19 ; elapsed = 00:00:25 . Memory (MB): peak = 1320.234 ; gain = 35.473
---------------------------------------------------------------------------------
Synthesis finished with 0 errors, 0 critical warnings and 1 warnings.
Synthesis Optimization Runtime : Time (s): cpu = 00:00:13 ; elapsed = 00:00:23 . Memory (MB): peak = 1320.234 ; gain = 0.000
Synthesis Optimization Complete : Time (s): cpu = 00:00:19 ; elapsed = 00:00:25 . Memory (MB): peak = 1320.234 ; gain = 35.473
INFO: [Project 1-571] Translating synthesized netlist
Netlist sorting complete. Time (s): cpu = 00:00:00 ; elapsed = 00:00:00.010 . Memory (MB): peak = 1320.234 ; gain = 0.000
INFO: [Netlist 29-17] Analyzing 40 Unisim elements for replacement
INFO: [Netlist 29-28] Unisim Transformation completed in 0 CPU seconds
INFO: [Project 1-570] Preparing netlist for logic optimization
INFO: [Opt 31-138] Pushed 0 inverter(s) to 0 load pin(s).
Netlist sorting complete. Time (s): cpu = 00:00:00 ; elapsed = 00:00:00 . Memory (MB): peak = 1320.234 ; gain = 0.000
INFO: [Project 1-111] Unisim Transformation Summary:
No Unisim elements were transformed.

Synth Design complete, checksum: 9e933b44
INFO: [Common 17-83] Releasing license: Synthesis
40 Infos, 9 Warnings, 0 Critical Warnings and 0 Errors encountered.
synth_design completed successfully
synth_design: Time (s): cpu = 00:00:22 ; elapsed = 00:00:29 . Memory (MB): peak = 1320.234 ; gain = 35.473
INFO: [Common 17-1381] The checkpoint 'D:/testCodes/5934_SoC/hw1/project_2/project_2.runs/synth_1/top.dcp' has been generated.
INFO: [runtcl-4] Executing : report_utilization -file top_utilization_synth.rpt -pb top_utilization_synth.pb
INFO: [Common 17-206] Exiting Vivado at Fri Feb 10 14:50:17 2023...
